This file contains any messages produced by compilers while
running configure, to aid debugging if configure makes a mistake.

It was created by elfcrypt configure 0.5.2492M, which was
generated by GNU Autoconf 2.65.  Invocation command line was

  $ ./configure 

## --------- ##
## Platform. ##
## --------- ##

hostname = codebox
uname -m = x86_64
uname -r = 3.11.0-2-generic
uname -s = Linux
uname -v = #5-Ubuntu SMP Mon Aug 12 16:09:51 UTC 2013

/usr/bin/uname -p = unknown
/bin/uname -X     = unknown

/bin/arch              = unknown
/usr/bin/arch -k       = unknown
/usr/convex/getsysinfo = unknown
/usr/bin/hostinfo      = unknown
/bin/machine           = unknown
/usr/bin/oslevel       = unknown
/bin/universe          = unknown

PATH: /usr/local/sbin
PATH: /usr/local/bin
PATH: /usr/sbin
PATH: /usr/bin
PATH: /sbin
PATH: /bin


## ----------- ##
## Core tests. ##
## ----------- ##

configure:2059: checking for a BSD-compatible install
configure:2127: result: /usr/bin/install -c
configure:2138: checking whether build environment is sane
configure:2188: result: yes
configure:2329: checking for a thread-safe mkdir -p
configure:2368: result: /bin/mkdir -p
configure:2381: checking for gawk
configure:2411: result: no
configure:2381: checking for mawk
configure:2397: found /usr/bin/mawk
configure:2408: result: mawk
configure:2419: checking whether make sets $(MAKE)
configure:2441: result: yes
configure:2524: error: cannot run /bin/bash ./config.sub

## ---------------- ##
## Cache variables. ##
## ---------------- ##

ac_cv_env_CC_set=
ac_cv_env_CC_value=
ac_cv_env_CFLAGS_set=
ac_cv_env_CFLAGS_value=
ac_cv_env_CPPFLAGS_set=
ac_cv_env_CPPFLAGS_value=
ac_cv_env_CPP_set=
ac_cv_env_CPP_value=
ac_cv_env_LDFLAGS_set=
ac_cv_env_LDFLAGS_value=
ac_cv_env_LIBS_set=
ac_cv_env_LIBS_value=
ac_cv_env_build_alias_set=
ac_cv_env_build_alias_value=
ac_cv_env_host_alias_set=
ac_cv_env_host_alias_value=
ac_cv_env_target_alias_set=
ac_cv_env_target_alias_value=
ac_cv_path_install='/usr/bin/install -c'
ac_cv_path_mkdir=/bin/mkdir
ac_cv_prog_AWK=mawk
ac_cv_prog_make_make_set=yes

## ----------------- ##
## Output variables. ##
## ----------------- ##

ACLOCAL='${SHELL} /home/elfmaster/bitlackeys/pk_packer_v3/missing --run aclocal-1.11'
AMDEPBACKSLASH=''
AMDEP_FALSE=''
AMDEP_TRUE=''
AMTAR='${SHELL} /home/elfmaster/bitlackeys/pk_packer_v3/missing --run tar'
AUTOCONF='${SHELL} /home/elfmaster/bitlackeys/pk_packer_v3/missing --run autoconf'
AUTOHEADER='${SHELL} /home/elfmaster/bitlackeys/pk_packer_v3/missing --run autoheader'
AUTOMAKE='${SHELL} /home/elfmaster/bitlackeys/pk_packer_v3/missing --run automake-1.11'
AWK='mawk'
CC=''
CCDEPMODE=''
CFLAGS=''
CPP=''
CPPFLAGS=''
CYGPATH_W='echo'
DEFS=''
DEPDIR=''
ECHO_C=''
ECHO_N='-n'
ECHO_T=''
EGREP=''
EXEEXT=''
GREP=''
INSTALL_DATA='${INSTALL} -m 644'
INSTALL_PROGRAM='${INSTALL}'
INSTALL_SCRIPT='${INSTALL}'
INSTALL_STRIP_PROGRAM='$(install_sh) -c -s'
LDFLAGS=''
LIBOBJS=''
LIBS=''
LTLIBOBJS=''
MAKEINFO='${SHELL} /home/elfmaster/bitlackeys/pk_packer_v3/missing --run makeinfo'
MKDIR_P='/bin/mkdir -p'
OBJEXT=''
PACKAGE='elfcrypt'
PACKAGE_BUGREPORT=''
PACKAGE_NAME='elfcrypt'
PACKAGE_STRING='elfcrypt 0.5.2492M'
PACKAGE_TARNAME='elfcrypt'
PACKAGE_URL=''
PACKAGE_VERSION='0.5.2492M'
PATH_SEPARATOR=':'
SET_MAKE=''
SHELL='/bin/bash'
STRIP=''
VERSION='0.5.2492M'
ac_ct_CC=''
am__EXEEXT_FALSE=''
am__EXEEXT_TRUE=''
am__fastdepCC_FALSE=''
am__fastdepCC_TRUE=''
am__include=''
am__isrc=''
am__leading_dot='.'
am__quote=''
am__tar='${AMTAR} chof - "$$tardir"'
am__untar='${AMTAR} xf -'
bindir='${exec_prefix}/bin'
build=''
build_alias=''
build_cpu=''
build_os=''
build_vendor=''
datadir='${datarootdir}'
datarootdir='${prefix}/share'
docdir='${datarootdir}/doc/${PACKAGE_TARNAME}'
dvidir='${docdir}'
exec_prefix='NONE'
host=''
host_alias=''
host_cpu=''
host_os=''
host_vendor=''
htmldir='${docdir}'
includedir='${prefix}/include'
infodir='${datarootdir}/info'
install_sh='${SHELL} /home/elfmaster/bitlackeys/pk_packer_v3/install-sh'
libdir='${exec_prefix}/lib'
libexecdir='${exec_prefix}/libexec'
localedir='${datarootdir}/locale'
localstatedir='${prefix}/var'
mandir='${datarootdir}/man'
mkdir_p='/bin/mkdir -p'
oldincludedir='/usr/include'
pdfdir='${docdir}'
prefix='NONE'
program_transform_name='s,x,x,'
psdir='${docdir}'
sbindir='${exec_prefix}/sbin'
sharedstatedir='${prefix}/com'
sysconfdir='${prefix}/etc'
target_alias=''

## ----------- ##
## confdefs.h. ##
## ----------- ##

/* confdefs.h */
#define PACKAGE_NAME "elfcrypt"
#define PACKAGE_TARNAME "elfcrypt"
#define PACKAGE_VERSION "0.5.2492M"
#define PACKAGE_STRING "elfcrypt 0.5.2492M"
#define PACKAGE_BUGREPORT ""
#define PACKAGE_URL ""
#define PACKAGE "elfcrypt"
#define VERSION "0.5.2492M"

configure: exit 127
